<?xml version="1.0" encoding="UTF-8"?>
<testsuite xmlns:xsi="http://www.w3.org/2001/XMLSchema-instance" xsi:noNamespaceSchemaLocation="https://maven.apache.org/surefire/maven-surefire-plugin/xsd/surefire-test-report-3.0.xsd" version="3.0" name="com.game.helpers.ParamsTest" time="0.133" tests="12" errors="0" skipped="0" failures="0">
  <properties>
[...]
</properties>
  <testcase name="initWithInvalidBettingAmountShouldPrintErrorAndReturnFalse(String)[1]" classname="com.game.helpers.ParamsTest" time="0.027"/>
  <testcase name="initWithInvalidBettingAmountShouldPrintErrorAndReturnFalse(String)[2]" classname="com.game.helpers.ParamsTest" time="0.0"/>
  <testcase name="initEmptyShouldPrintHelpAndReturnFalse" classname="com.game.helpers.ParamsTest" time="0.002"/>
  <testcase name="initWithInvalidConfigPathShouldPrintErrorAndReturnFalse(String)[1]" classname="com.game.helpers.ParamsTest" time="0.001"/>
  <testcase name="initWithInvalidConfigPathShouldPrintErrorAndReturnFalse(String)[2]" classname="com.game.helpers.ParamsTest" time="0.001"/>
  <testcase name="initWithInvalidParamsShouldPrintHelpAndReturnFalse(String)[1]" classname="com.game.helpers.ParamsTest" time="0.002"/>
  <testcase name="initWithInvalidParamsShouldPrintHelpAndReturnFalse(String)[2]" classname="com.game.helpers.ParamsTest" time="0.001"/>
  <testcase name="initWithValidParamsShouldReturnTrue(String, String)[1]" classname="com.game.helpers.ParamsTest" time="0.002"/>
  <testcase name="initWithValidParamsShouldReturnTrue(String, String)[2]" classname="com.game.helpers.ParamsTest" time="0.001"/>
  <testcase name="initWithUnknownParamsShouldPrintHelpAndReturnFalse" classname="com.game.helpers.ParamsTest" time="0.0"/>
  <testcase name="initWithHelpParamsShouldPrintHelpAndReturnFalse(String)[1]" classname="com.game.helpers.ParamsTest" time="0.001"/>
  <testcase name="initWithHelpParamsShouldPrintHelpAndReturnFalse(String)[2]" classname="com.game.helpers.ParamsTest" time="0.002"/>
</testsuite>